Determining if the pthread_create exist failed with the following output:
Change Dir: /home/fumihachi/ws/vision_atelier/movie2image/CMakeFiles/CMakeTmp

Run Build Command:"/usr/bin/make" "cmTC_3f45b/fast"
/usr/bin/make -f CMakeFiles/cmTC_3f45b.dir/build.make CMakeFiles/cmTC_3f45b.dir/build
make[1]: ディレクトリ '/home/fumihachi/ws/vision_atelier/movie2image/CMakeFiles/CMakeTmp' に入ります
Building C object CMakeFiles/cmTC_3f45b.dir/CheckSymbolExists.c.o
/usr/bin/cc    -o CMakeFiles/cmTC_3f45b.dir/CheckSymbolExists.c.o   -c /home/fumihachi/ws/vision_atelier/movie2image/CMakeFiles/CMakeTmp/CheckSymbolExists.c
Linking C executable cmTC_3f45b
/usr/bin/cmake -E cmake_link_script CMakeFiles/cmTC_3f45b.dir/link.txt --verbose=1
/usr/bin/cc      -rdynamic CMakeFiles/cmTC_3f45b.dir/CheckSymbolExists.c.o  -o cmTC_3f45b 
CMakeFiles/cmTC_3f45b.dir/CheckSymbolExists.c.o: 関数 `main' 内:
CheckSymbolExists.c:(.text+0x1b): `pthread_create' に対する定義されていない参照です
collect2: error: ld returned 1 exit status
CMakeFiles/cmTC_3f45b.dir/build.make:97: recipe for target 'cmTC_3f45b' failed
make[1]: *** [cmTC_3f45b] Error 1
make[1]: ディレクトリ '/home/fumihachi/ws/vision_atelier/movie2image/CMakeFiles/CMakeTmp' から出ます
Makefile:126: recipe for target 'cmTC_3f45b/fast' failed
make: *** [cmTC_3f45b/fast] Error 2

File /home/fumihachi/ws/vision_atelier/movie2image/CMakeFiles/CMakeTmp/CheckSymbolExists.c:
/* */
#include <pthread.h>

int main(int argc, char** argv)
{
  (void)argv;
#ifndef pthread_create
  return ((int*)(&pthread_create))[argc];
#else
  (void)argc;
  return 0;
#endif
}

Determining if the function pthread_create exists in the pthreads failed with the following output:
Change Dir: /home/fumihachi/ws/vision_atelier/movie2image/CMakeFiles/CMakeTmp

Run Build Command:"/usr/bin/make" "cmTC_cd8c9/fast"
/usr/bin/make -f CMakeFiles/cmTC_cd8c9.dir/build.make CMakeFiles/cmTC_cd8c9.dir/build
make[1]: ディレクトリ '/home/fumihachi/ws/vision_atelier/movie2image/CMakeFiles/CMakeTmp' に入ります
Building C object CMakeFiles/cmTC_cd8c9.dir/CheckFunctionExists.c.o
/usr/bin/cc   -DCHECK_FUNCTION_EXISTS=pthread_create   -o CMakeFiles/cmTC_cd8c9.dir/CheckFunctionExists.c.o   -c /usr/share/cmake-3.10/Modules/CheckFunctionExists.c
Linking C executable cmTC_cd8c9
/usr/bin/cmake -E cmake_link_script CMakeFiles/cmTC_cd8c9.dir/link.txt --verbose=1
/usr/bin/cc  -DCHECK_FUNCTION_EXISTS=pthread_create    -rdynamic CMakeFiles/cmTC_cd8c9.dir/CheckFunctionExists.c.o  -o cmTC_cd8c9 -lpthreads 
/usr/bin/ld: -lpthreads が見つかりません
collect2: error: ld returned 1 exit status
CMakeFiles/cmTC_cd8c9.dir/build.make:97: recipe for target 'cmTC_cd8c9' failed
make[1]: *** [cmTC_cd8c9] Error 1
make[1]: ディレクトリ '/home/fumihachi/ws/vision_atelier/movie2image/CMakeFiles/CMakeTmp' から出ます
Makefile:126: recipe for target 'cmTC_cd8c9/fast' failed
make: *** [cmTC_cd8c9/fast] Error 2


